#
# A fatal error has been detected by the Java Runtime Environment:
#
#  EXCEPTION_ACCESS_VIOLATION (0xc0000005) at pc=0x00007ffab6873416, pid=21944, tid=19560
#
# JRE version: Java(TM) SE Runtime Environment (8.0_51-b16) (build 1.8.0_51-b16)
# Java VM: Java HotSpot(TM) 64-Bit Server VM (25.51-b03 mixed mode windows-amd64 compressed oops)
# Problematic frame:
# C  [ntdll.dll+0x63416]
#
# Failed to write core dump. Minidumps are not enabled by default on client versions of Windows
#
# If you would like to submit a bug report, please visit:
#   http://bugreport.java.com/bugreport/crash.jsp
# The crash happened outside the Java Virtual Machine in native code.
# See problematic frame for where to report the bug.
#

---------------  T H R E A D  ---------------

Current thread (0x00000000302bd800):  JavaThread "Controller Input" daemon [_thread_in_native, id=19560, stack(0x0000000045690000,0x0000000045790000)]

siginfo: ExceptionCode=0xc0000005, writing address 0x0000000000000024

Registers:
RAX=0x0000000000000000, RBX=0x0000000029d239d0, RCX=0x0000000029d239d0, RDX=0x00000000fffffffe
RSP=0x000000004578f2f0, RBP=0x000000004578f500, RSI=0x0000000000000000, RDI=0x0000000000000000
R8 =0x0000000000000000, R9 =0x0000000000000000, R10=0x0000000000000000, R11=0x000000004578f2d0
R12=0x0000000000000000, R13=0x0000000000c8c000, R14=0x0000000000000003, R15=0x0000000000000000
RIP=0x00007ffab6873416, EFLAGS=0x0000000000010213

Top of Stack: (sp=0x000000004578f2f0)
0x000000004578f2f0:   ffffffffffffffff 0000000029d239d0
0x000000004578f300:   0000000000000000 000000004578f5a0
0x000000004578f310:   0000000000000000 000000005bcfd7f8
0x000000004578f320:   0000000000000008 00007ffab6835ba1
0x000000004578f330:   0000000000000000 00000000fffffffe
0x000000004578f340:   0000000000c8c000 0000000000000008
0x000000004578f350:   00000000302bd800 0000000045780000
0x000000004578f360:   000000002f3ee9b0 000000000000000e
0x000000004578f370:   0000000000000008 00000000283e3990
0x000000004578f380:   0000785b35ab8a7b 00007ffab555a523
0x000000004578f390:   0000000000000001 0000000000000003
0x000000004578f3a0:   0000000000000001 0000000000000001
0x000000004578f3b0:   00000000000007d0 0000000029d239d0
0x000000004578f3c0:   000000004578f500 00007ffab683fcb4
0x000000004578f3d0:   00000000302bd800 0000000000000000
0x000000004578f3e0:   00000000fffffffe 00007ffab68347b1 

Instructions: (pc=0x00007ffab6873416)
0x00007ffab68733f6:   48 39 73 18 0f 84 d2 00 00 00 48 8b 03 48 83 f8
0x00007ffab6873406:   ff 0f 84 d2 00 00 00 44 8b fe 48 83 f8 ff 74 03
0x00007ffab6873416:   ff 40 24 4c 8b 73 18 4c 8d 2d d4 10 10 00 bd 22
0x00007ffab6873426:   17 00 00 e8 22 14 fc ff 85 c0 0f 85 be b2 05 00 


Register to memory mapping:

RAX=0x0000000000000000 is an unknown value
RBX=0x0000000029d239d0 is an unknown value
RCX=0x0000000029d239d0 is an unknown value
RDX=0x00000000fffffffe is an unknown value
RSP=0x000000004578f2f0 is pointing into the stack for thread: 0x00000000302bd800
RBP=0x000000004578f500 is pointing into the stack for thread: 0x00000000302bd800
RSI=0x0000000000000000 is an unknown value
RDI=0x0000000000000000 is an unknown value
R8 =0x0000000000000000 is an unknown value
R9 =0x0000000000000000 is an unknown value
R10=0x0000000000000000 is an unknown value
R11=0x000000004578f2d0 is pointing into the stack for thread: 0x00000000302bd800
R12=0x0000000000000000 is an unknown value
R13=0x0000000000c8c000 is an unknown value
R14=0x0000000000000003 is an unknown value
R15=0x0000000000000000 is an unknown value


Stack: [0x0000000045690000,0x0000000045790000],  sp=0x000000004578f2f0,  free space=1020k
Native frames: (J=compiled Java code, j=interpreted, Vv=VM code, C=native code)
C  [ntdll.dll+0x63416]
C  [ntdll.dll+0x2fcb4]
C  [ntdll.dll+0x2fae2]
C  [sdl2gdx64.dll+0x858ef]
C  [sdl2gdx64.dll+0x26691]
C  [sdl2gdx64.dll+0x1942d]
C  0x0000000004ea1274

Java frames: (J=compiled Java code, j=interpreted, Vv=VM code)
J 11406  org.libsdl.SDL.SDL_PumpEvents()V (0 bytes) @ 0x0000000004ea11fe [0x0000000004ea11c0+0x3e]
J 60044% C2 com.mrcrayfish.controllable.Controllable.lambda$startControllerThread$5()V (36 bytes) @ 0x000000000c3fa2e4 [0x000000000c3fa120+0x1c4]
j  com.mrcrayfish.controllable.Controllable$$Lambda$681.run()V+4
j  java.lang.Thread.run()V+11
v  ~StubRoutines::call_stub

---------------  P R O C E S S  ---------------

Java Threads: ( => current thread )
  0x000000007bb35800 JavaThread "AWT-Shutdown" [_thread_blocked, id=34432, stack(0x0000000000410000,0x0000000000510000)]
  0x000000008eb96800 JavaThread "Thread-133" daemon [_thread_in_native, id=18504, stack(0x0000000038e00000,0x0000000038f00000)]
  0x000000008eb7d800 JavaThread "Url Queue" [_thread_blocked, id=35492, stack(0x00000000503e0000,0x00000000504e0000)]
  0x000000007c4f7000 JavaThread "Narrator" daemon [_thread_blocked, id=30512, stack(0x00000000de1e0000,0x00000000de2e0000)]
  0x000000007c4ee000 JavaThread "ic2-poolthread-12" daemon [_thread_blocked, id=30560, stack(0x00000000dc9b0000,0x00000000dcab0000)]
  0x000000007b634000 JavaThread "ic2-poolthread-11" daemon [_thread_blocked, id=30168, stack(0x00000000dc000000,0x00000000dc100000)]
  0x000000007c88d800 JavaThread "ic2-poolthread-10" daemon [_thread_blocked, id=24040, stack(0x00000000dbf00000,0x00000000dc000000)]
  0x000000007c885000 JavaThread "ic2-poolthread-9" daemon [_thread_blocked, id=30472, stack(0x00000000dbe00000,0x00000000dbf00000)]
  0x000000003023d800 JavaThread "ic2-poolthread-8" daemon [_thread_blocked, id=28320, stack(0x00000000dbd00000,0x00000000dbe00000)]
  0x000000003023c000 JavaThread "ic2-poolthread-7" daemon [_thread_blocked, id=28556, stack(0x00000000dbc00000,0x00000000dbd00000)]
  0x000000007bb43000 JavaThread "ic2-poolthread-6" daemon [_thread_blocked, id=21124, stack(0x00000000dbb00000,0x00000000dbc00000)]
  0x000000007bb3b800 JavaThread "ic2-poolthread-5" daemon [_thread_blocked, id=19320, stack(0x00000000dba00000,0x00000000dbb00000)]
  0x000000007bb3e800 JavaThread "ic2-poolthread-4" daemon [_thread_blocked, id=24316, stack(0x00000000db900000,0x00000000dba00000)]
  0x0000000071956800 JavaThread "ic2-poolthread-3" daemon [_thread_blocked, id=25692, stack(0x00000000db390000,0x00000000db490000)]
  0x0000000071955000 JavaThread "ic2-poolthread-2" daemon [_thread_blocked, id=29916, stack(0x00000000da0e0000,0x00000000da1e0000)]
  0x0000000071952000 JavaThread "ComputerCraft-Computer-Monitor-0" daemon [_thread_blocked, id=17760, stack(0x00000000d9fe0000,0x00000000da0e0000)]
  0x0000000071957800 JavaThread "ComputerCraft-Computer-Runner-0" daemon [_thread_blocked, id=30120, stack(0x00000000d9ee0000,0x00000000d9fe0000)]
  0x000000007194d000 JavaThread "ForkJoinPool-1-worker-29" daemon [_thread_blocked, id=17756, stack(0x00000000d95e0000,0x00000000d96e0000)]
  0x000000007194a000 JavaThread "Chunk I/O Executor Thread-1" daemon [_thread_blocked, id=30052, stack(0x000000007f820000,0x000000007f920000)]
  0x000000007bb42000 JavaThread "Netty Server IO #1" daemon [_thread_in_native, id=15048, stack(0x000000004c9f0000,0x000000004caf0000)]
  0x000000007bb45000 JavaThread "Netty Local Client IO #0" daemon [_thread_blocked, id=29808, stack(0x000000004c8f0000,0x000000004c9f0000)]
  0x000000007bb41800 JavaThread "Netty Server IO #0" daemon [_thread_in_native, id=29936, stack(0x000000004c7f0000,0x000000004c8f0000)]
  0x000000007bb3a800 JavaThread "anInnocuousThread" daemon [_thread_in_native, id=30684, stack(0x0000000040990000,0x0000000040a90000)]
  0x000000007bb3a000 JavaThread "anInnocuousThread" daemon [_thread_in_native, id=30708, stack(0x0000000040890000,0x0000000040990000)]
  0x000000003023d000 JavaThread "anInnocuousThread" daemon [_thread_in_native, id=30676, stack(0x0000000040710000,0x0000000040810000)]
  0x00000000443d6800 JavaThread "anInnocuousThread" daemon [_thread_in_native, id=30680, stack(0x0000000040610000,0x0000000040710000)]
  0x00000000443db000 JavaThread "anInnocuousThread" daemon [_thread_in_native, id=30716, stack(0x000000003dbb0000,0x000000003dcb0000)]
  0x000000007b62d800 JavaThread "anInnocuousThread" daemon [_thread_in_native, id=30712, stack(0x0000000038b00000,0x0000000038c00000)]
  0x000000007b62c800 JavaThread "anInnocuousThread" daemon [_thread_in_native, id=29712, stack(0x00000000355f0000,0x00000000356f0000)]
  0x000000007b62c000 JavaThread "anInnocuousThread" daemon [_thread_in_native, id=30704, stack(0x0000000000a10000,0x0000000000b10000)]
  0x000000007c892800 JavaThread "anInnocuousThread" daemon [_thread_in_native, id=28140, stack(0x0000000000910000,0x0000000000a10000)]
  0x000000007c892000 JavaThread "anInnocuousThread" daemon [_thread_in_native, id=29716, stack(0x0000000000810000,0x0000000000910000)]
  0x000000007c891000 JavaThread "anInnocuousThread" daemon [_thread_in_native, id=29720, stack(0x0000000000710000,0x0000000000810000)]
  0x000000007c890800 JavaThread "anInnocuousThread" daemon [_thread_in_native, id=29724, stack(0x0000000000610000,0x0000000000710000)]
  0x000000007c88f800 JavaThread "anInnocuousThread" daemon [_thread_in_native, id=29788, stack(0x0000000000510000,0x0000000000610000)]
  0x00000000443d9000 JavaThread "Thread-39" [_thread_blocked, id=26376, stack(0x0000000000210000,0x0000000000310000)]
  0x000000007b633800 JavaThread "Ender IO Scheduler" [_thread_blocked, id=29004, stack(0x0000000000010000,0x0000000000110000)]
  0x000000007b635800 JavaThread "ic2-poolthread-1" daemon [_thread_blocked, id=12832, stack(0x0000000071d20000,0x0000000071e20000)]
  0x000000007b630800 JavaThread "Thread-37" [_thread_blocked, id=28540, stack(0x000000007fb20000,0x000000007fc20000)]
  0x00000000443d2800 JavaThread "Narrator" daemon [_thread_blocked, id=14592, stack(0x000000006f5a0000,0x000000006f6a0000)]
  0x000000007b629000 JavaThread "OpenComputers-SoundUpdater" daemon [_thread_blocked, id=22252, stack(0x00000000730c0000,0x00000000731c0000)]
  0x00000000443d1000 JavaThread "pool-2-thread-1" [_thread_blocked, id=28784, stack(0x0000000001100000,0x0000000001200000)]
  0x000000002f146800 JavaThread "File IO Thread" [_thread_blocked, id=25464, stack(0x000000006a070000,0x000000006a170000)]
  0x0000000028dec800 JavaThread "BuildersBag-Cache-Thread" [_thread_blocked, id=26868, stack(0x00000000360a0000,0x00000000361a0000)]
=>0x00000000302bd800 JavaThread "Controller Input" daemon [_thread_in_native, id=19560, stack(0x0000000045690000,0x0000000045790000)]
  0x00000000302c0800 JavaThread "Thread-8" [_thread_blocked, id=28100, stack(0x00000000424e0000,0x00000000425e0000)]
  0x00000000302be800 JavaThread "IPCClient-Reader" [_thread_blocked, id=27944, stack(0x00000000400f0000,0x00000000401f0000)]
  0x000000002bf1b000 JavaThread "LWJGL Timer" daemon [_thread_blocked, id=21680, stack(0x00000000357d0000,0x00000000358d0000)]
  0x000000002be45000 JavaThread "Java2D Disposer" daemon [_thread_blocked, id=28264, stack(0x000000002ce70000,0x000000002cf70000)]
  0x000000002c282000 JavaThread "Timer hack thread" daemon [_thread_blocked, id=25584, stack(0x000000002bb50000,0x000000002bc50000)]
  0x000000002ea9b800 JavaThread "Snooper Timer" daemon [_thread_blocked, id=27348, stack(0x000000002b310000,0x000000002b410000)]
  0x0000000027c78800 JavaThread "Service Thread" daemon [_thread_blocked, id=27480, stack(0x0000000028030000,0x0000000028130000)]
  0x00000000271fd800 JavaThread "C1 CompilerThread3" daemon [_thread_blocked, id=6548, stack(0x0000000027b30000,0x0000000027c30000)]
  0x00000000271f4800 JavaThread "C2 CompilerThread2" daemon [_thread_blocked, id=24672, stack(0x0000000027a30000,0x0000000027b30000)]
  0x00000000271f4000 JavaThread "C2 CompilerThread1" daemon [_thread_blocked, id=27012, stack(0x0000000027930000,0x0000000027a30000)]
  0x00000000271ee000 JavaThread "C2 CompilerThread0" daemon [_thread_blocked, id=25840, stack(0x0000000027830000,0x0000000027930000)]
  0x00000000271a6000 JavaThread "Attach Listener" daemon [_thread_blocked, id=26176, stack(0x0000000027730000,0x0000000027830000)]
  0x00000000271a5000 JavaThread "Signal Dispatcher" daemon [_thread_blocked, id=28296, stack(0x0000000027630000,0x0000000027730000)]
  0x00000000271a4800 JavaThread "Surrogate Locker Thread (Concurrent GC)" daemon [_thread_blocked, id=28276, stack(0x0000000027530000,0x0000000027630000)]
  0x000000002718f000 JavaThread "Finalizer" daemon [_thread_blocked, id=26576, stack(0x0000000027430000,0x0000000027530000)]
  0x0000000027187800 JavaThread "Reference Handler" daemon [_thread_blocked, id=21248, stack(0x0000000027330000,0x0000000027430000)]
  0x0000000002fe4800 JavaThread "Client thread" [_thread_blocked, id=2556, stack(0x0000000002ee0000,0x0000000002fe0000)]

Other Threads:
  0x0000000027186800 VMThread [stack: 0x0000000027230000,0x0000000027330000] [id=16740]
  0x0000000027cba000 WatcherThread [stack: 0x0000000028130000,0x0000000028230000] [id=27080]

VM state:not at safepoint (normal execution)

VM Mutex/Monitor currently owned by a thread: None

Heap:
 garbage-first heap   total 5996544K, used 4034652K [0x0000000640000000, 0x00000006420005b8, 0x00000007c0000000)
  region size 32768K, 23 young (753664K), 4 survivors (131072K)
 Metaspace       used 364741K, capacity 382989K, committed 383180K, reserved 1370112K
  class space    used 57464K, capacity 61841K, committed 61952K, reserved 1048576K

Heap Regions: (Y=young(eden), SU=young(survivor), HS=humongous(starts), HC=humongous(continues), CS=collection set, F=free, TS=gc time stamp, PTAMS=previous top-at-mark-start, NTAMS=next top-at-mark-start)
AC   0  O    TS     0 PTAMS 0x0000000642000000 NTAMS 0x0000000642000000 space 32768K, 100% used [0x0000000640000000, 0x0000000642000000)
AC   0  O    TS     0 PTAMS 0x0000000643ffffb8 NTAMS 0x0000000643ffffb8 space 32768K,  99% used [0x0000000642000000, 0x0000000644000000)
AC   0  O    TS     0 PTAMS 0x0000000645fffff0 NTAMS 0x0000000645fffff0 space 32768K,  99% used [0x0000000644000000, 0x0000000646000000)
AC   0  O    TS     0 PTAMS 0x0000000647ce7030 NTAMS 0x0000000647ce7030 space 32768K,  90% used [0x0000000646000000, 0x0000000648000000)
AC   0  O    TS     0 PTAMS 0x0000000649ff7780 NTAMS 0x0000000649ff7780 space 32768K,  99% used [0x0000000648000000, 0x000000064a000000)
AC   0  O    TS     0 PTAMS 0x000000064bfffff8 NTAMS 0x000000064bfffff8 space 32768K,  99% used [0x000000064a000000, 0x000000064c000000)
AC   0  O    TS     0 PTAMS 0x000000064dfffd70 NTAMS 0x000000064dfffd70 space 32768K,  99% used [0x000000064c000000, 0x000000064e000000)
AC   0  O    TS     0 PTAMS 0x000000064fffffc8 NTAMS 0x000000064fffffc8 space 32768K,  99% used [0x000000064e000000, 0x0000000650000000)
AC   0  O    TS     0 PTAMS 0x0000000651ffffe0 NTAMS 0x0000000651ffffe0 space 32768K,  99% used [0x0000000650000000, 0x0000000652000000)
AC   0  O    TS     0 PTAMS 0x0000000653fffff8 NTAMS 0x0000000653fffff8 space 32768K,  99% used [0x0000000652000000, 0x0000000654000000)
AC   0  O    TS     0 PTAMS 0x0000000655ffff38 NTAMS 0x0000000655ffff38 space 32768K,  99% used [0x0000000654000000, 0x0000000656000000)
AC   0  O    TS     0 PTAMS 0x0000000657ffffd0 NTAMS 0x0000000657ffffd0 space 32768K,  99% used [0x0000000656000000, 0x0000000658000000)
AC   0  O    TS     0 PTAMS 0x0000000659fffff0 NTAMS 0x0000000659fffff0 space 32768K,  99% used [0x0000000658000000, 0x000000065a000000)
AC   0  O    TS     0 PTAMS 0x000000065bfffff8 NTAMS 0x000000065bfffff8 space 32768K,  99% used [0x000000065a000000, 0x000000065c000000)
AC   0  O    TS     0 PTAMS 0x000000065e000000 NTAMS 0x000000065e000000 space 32768K, 100% used [0x000000065c000000, 0x000000065e000000)
AC   0  O    TS     0 PTAMS 0x0000000660000000 NTAMS 0x0000000660000000 space 32768K, 100% used [0x000000065e000000, 0x0000000660000000)
AC   0  O    TS     0 PTAMS 0x0000000661fffff8 NTAMS 0x0000000661fffff8 space 32768K,  99% used [0x0000000660000000, 0x0000000662000000)
AC   0  O    TS     0 PTAMS 0x0000000663fa2278 NTAMS 0x0000000663fa2278 space 32768K,  98% used [0x0000000662000000, 0x0000000664000000)
AC   0  O    TS     0 PTAMS 0x0000000665f09448 NTAMS 0x0000000665f09448 space 32768K,  96% used [0x0000000664000000, 0x0000000666000000)
AC   0  O    TS     0 PTAMS 0x0000000667fffff8 NTAMS 0x0000000667fffff8 space 32768K,  99% used [0x0000000666000000, 0x0000000668000000)
AC   0  O    TS     0 PTAMS 0x0000000669fffff0 NTAMS 0x0000000669fffff0 space 32768K,  99% used [0x0000000668000000, 0x000000066a000000)
AC   0  O    TS     0 PTAMS 0x000000066c000000 NTAMS 0x000000066c000000 space 32768K, 100% used [0x000000066a000000, 0x000000066c000000)
AC   0  O    TS     0 PTAMS 0x000000066dfffff8 NTAMS 0x000000066dfffff8 space 32768K,  99% used [0x000000066c000000, 0x000000066e000000)
AC   0  O    TS     0 PTAMS 0x000000066ffffff0 NTAMS 0x000000066ffffff0 space 32768K,  99% used [0x000000066e000000, 0x0000000670000000)
AC   0  O    TS     0 PTAMS 0x0000000671fffff0 NTAMS 0x0000000671fffff0 space 32768K,  99% used [0x0000000670000000, 0x0000000672000000)
AC   0  O    TS     0 PTAMS 0x0000000673fffff8 NTAMS 0x0000000673fffff8 space 32768K,  99% used [0x0000000672000000, 0x0000000674000000)
AC   0  O    TS     0 PTAMS 0x0000000675fffff8 NTAMS 0x0000000675fffff8 space 32768K,  99% used [0x0000000674000000, 0x0000000676000000)
AC   0  O    TS     0 PTAMS 0x0000000677fffc50 NTAMS 0x0000000677fffc50 space 32768K,  99% used [0x0000000676000000, 0x0000000678000000)
AC   0 HS    TS     0 PTAMS 0x0000000679573ea0 NTAMS 0x0000000679573ea0 space 32768K,  67% used [0x0000000678000000, 0x000000067a000000)
AC   0  O    TS     0 PTAMS 0x000000067bfffff8 NTAMS 0x000000067bfffff8 space 32768K,  99% used [0x000000067a000000, 0x000000067c000000)
AC   0  O    TS     0 PTAMS 0x000000067e000000 NTAMS 0x000000067e000000 space 32768K, 100% used [0x000000067c000000, 0x000000067e000000)
AC   0  O    TS     0 PTAMS 0x000000067fffffa8 NTAMS 0x000000067fffffa8 space 32768K,  99% used [0x000000067e000000, 0x0000000680000000)
AC   0  O    TS     0 PTAMS 0x0000000681ffffd8 NTAMS 0x0000000681ffffd8 space 32768K,  99% used [0x0000000680000000, 0x0000000682000000)
AC   0  O    TS     0 PTAMS 0x0000000683ffffe0 NTAMS 0x0000000683ffffe0 space 32768K,  99% used [0x0000000682000000, 0x0000000684000000)
AC   0  O    TS     0 PTAMS 0x0000000685f95788 NTAMS 0x0000000685f95788 space 32768K,  98% used [0x0000000684000000, 0x0000000686000000)
AC   0  O    TS     0 PTAMS 0x0000000687fffff8 NTAMS 0x0000000687fffff8 space 32768K,  99% used [0x0000000686000000, 0x0000000688000000)
AC   0  O    TS     0 PTAMS 0x0000000689ffdde0 NTAMS 0x0000000689ffdde0 space 32768K,  99% used [0x0000000688000000, 0x000000068a000000)
AC   0  O    TS     0 PTAMS 0x000000068bfffff8 NTAMS 0x000000068bfffff8 space 32768K,  99% used [0x000000068a000000, 0x000000068c000000)
AC   0  O    TS     0 PTAMS 0x000000068dfffff8 NTAMS 0x000000068dfffff8 space 32768K,  99% used [0x000000068c000000, 0x000000068e000000)
AC   0  O    TS     0 PTAMS 0x000000068fffffe0 NTAMS 0x000000068fffffe0 space 32768K,  99% used [0x000000068e000000, 0x0000000690000000)
AC   0  O    TS     0 PTAMS 0x0000000691ffffd8 NTAMS 0x0000000691ffffd8 space 32768K,  99% used [0x0000000690000000, 0x0000000692000000)
AC   0  O    TS     0 PTAMS 0x0000000693fffff0 NTAMS 0x0000000693fffff0 space 32768K,  99% used [0x0000000692000000, 0x0000000694000000)
AC   0  O    TS     0 PTAMS 0x0000000695fffff8 NTAMS 0x0000000695fffff8 space 32768K,  99% used [0x0000000694000000, 0x0000000696000000)
AC   0  O    TS     0 PTAMS 0x0000000697ffff88 NTAMS 0x0000000697ffff88 space 32768K,  99% used [0x0000000696000000, 0x0000000698000000)
AC   0  O    TS     0 PTAMS 0x0000000699fffff0 NTAMS 0x0000000699fffff0 space 32768K,  99% used [0x0000000698000000, 0x000000069a000000)
AC   0  O    TS     0 PTAMS 0x000000069bffffa0 NTAMS 0x000000069bffffa0 space 32768K,  99% used [0x000000069a000000, 0x000000069c000000)
AC   0  O    TS     0 PTAMS 0x000000069dcf8e20 NTAMS 0x000000069dcf8e20 space 32768K,  90% used [0x000000069c000000, 0x000000069e000000)
AC   0  O    TS     0 PTAMS 0x000000069ffffff0 NTAMS 0x000000069ffffff0 space 32768K,  99% used [0x000000069e000000, 0x00000006a0000000)
AC   0  O    TS     0 PTAMS 0x00000006a2000000 NTAMS 0x00000006a2000000 space 32768K, 100% used [0x00000006a0000000, 0x00000006a2000000)
AC   0  O    TS     0 PTAMS 0x00000006a38e6a10 NTAMS 0x00000006a38e6a10 space 32768K,  77% used [0x00000006a2000000, 0x00000006a4000000)
AC   0  O    TS     0 PTAMS 0x00000006a5baa4a8 NTAMS 0x00000006a5baa4a8 space 32768K,  86% used [0x00000006a4000000, 0x00000006a6000000)
AC   0  O    TS     0 PTAMS 0x00000006a7ffffe0 NTAMS 0x00000006a7ffffe0 space 32768K,  99% used [0x00000006a6000000, 0x00000006a8000000)
AC   0  O    TS     0 PTAMS 0x00000006a9fffff0 NTAMS 0x00000006a9fffff0 space 32768K,  99% used [0x00000006a8000000, 0x00000006aa000000)
AC   0  O    TS     0 PTAMS 0x00000006abffffe0 NTAMS 0x00000006abffffe0 space 32768K,  99% used [0x00000006aa000000, 0x00000006ac000000)
AC   0  O    TS     0 PTAMS 0x00000006ae000000 NTAMS 0x00000006ae000000 space 32768K, 100% used [0x00000006ac000000, 0x00000006ae000000)
AC   0  O    TS     0 PTAMS 0x00000006aff025b0 NTAMS 0x00000006aff025b0 space 32768K,  96% used [0x00000006ae000000, 0x00000006b0000000)
AC   0  O    TS     0 PTAMS 0x00000006b1ffffc8 NTAMS 0x00000006b1ffffc8 space 32768K,  99% used [0x00000006b0000000, 0x00000006b2000000)
AC   0  O    TS     0 PTAMS 0x00000006b3ffffe0 NTAMS 0x00000006b3ffffe0 space 32768K,  99% used [0x00000006b2000000, 0x00000006b4000000)
AC   0  O    TS     0 PTAMS 0x00000006b5ffefa8 NTAMS 0x00000006b5ffefa8 space 32768K,  99% used [0x00000006b4000000, 0x00000006b6000000)
AC   0  O    TS     0 PTAMS 0x00000006b8000000 NTAMS 0x00000006b8000000 space 32768K, 100% used [0x00000006b6000000, 0x00000006b8000000)
AC   0  O    TS     0 PTAMS 0x00000006b9ffffe8 NTAMS 0x00000006b9ffffe8 space 32768K,  99% used [0x00000006b8000000, 0x00000006ba000000)
AC   0  O    TS     0 PTAMS 0x00000006bbfffff0 NTAMS 0x00000006bbfffff0 space 32768K,  99% used [0x00000006ba000000, 0x00000006bc000000)
AC   0  O    TS     0 PTAMS 0x00000006bdfffff0 NTAMS 0x00000006bdfffff0 space 32768K,  99% used [0x00000006bc000000, 0x00000006be000000)
AC   0  O    TS     0 PTAMS 0x00000006bfffffe0 NTAMS 0x00000006bfffffe0 space 32768K,  99% used [0x00000006be000000, 0x00000006c0000000)
AC   0  O    TS     0 PTAMS 0x00000006c1ffffa0 NTAMS 0x00000006c1ffffa0 space 32768K,  99% used [0x00000006c0000000, 0x00000006c2000000)
AC   0  O    TS     0 PTAMS 0x00000006c3fffff0 NTAMS 0x00000006c3fffff0 space 32768K,  99% used [0x00000006c2000000, 0x00000006c4000000)
AC   0  O    TS     0 PTAMS 0x00000006c5fffff8 NTAMS 0x00000006c5fffff8 space 32768K,  99% used [0x00000006c4000000, 0x00000006c6000000)
AC   0  O    TS     0 PTAMS 0x00000006c7fffff8 NTAMS 0x00000006c7fffff8 space 32768K,  99% used [0x00000006c6000000, 0x00000006c8000000)
AC   0  O    TS     0 PTAMS 0x00000006c9fff2f0 NTAMS 0x00000006c9fff2f0 space 32768K,  99% used [0x00000006c8000000, 0x00000006ca000000)
AC   0  O    TS     0 PTAMS 0x00000006cc000000 NTAMS 0x00000006cc000000 space 32768K, 100% used [0x00000006ca000000, 0x00000006cc000000)
AC   0  O    TS     0 PTAMS 0x00000006cdfffff8 NTAMS 0x00000006cdfffff8 space 32768K,  99% used [0x00000006cc000000, 0x00000006ce000000)
AC   0  O    TS     0 PTAMS 0x00000006d0000000 NTAMS 0x00000006d0000000 space 32768K, 100% used [0x00000006ce000000, 0x00000006d0000000)
AC   0  O    TS     0 PTAMS 0x00000006d1fffff0 NTAMS 0x00000006d1fffff0 space 32768K,  99% used [0x00000006d0000000, 0x00000006d2000000)
AC   0  O    TS     0 PTAMS 0x00000006d3ffe028 NTAMS 0x00000006d3ffe028 space 32768K,  99% used [0x00000006d2000000, 0x00000006d4000000)
AC   0  O    TS     0 PTAMS 0x00000006d6000000 NTAMS 0x00000006d6000000 space 32768K, 100% used [0x00000006d4000000, 0x00000006d6000000)
AC   0  O    TS     0 PTAMS 0x00000006d7fffff8 NTAMS 0x00000006d7fffff8 space 32768K,  99% used [0x00000006d6000000, 0x00000006d8000000)
AC   0  O    TS     0 PTAMS 0x00000006d9ffffe8 NTAMS 0x00000006d9ffffe8 space 32768K,  99% used [0x00000006d8000000, 0x00000006da000000)
AC   0  O    TS     0 PTAMS 0x00000006dbfffff8 NTAMS 0x00000006dbfffff8 space 32768K,  99% used [0x00000006da000000, 0x00000006dc000000)
AC   0  O    TS     0 PTAMS 0x00000006ddffffe8 NTAMS 0x00000006ddffffe8 space 32768K,  99% used [0x00000006dc000000, 0x00000006de000000)
AC   0  O    TS     0 PTAMS 0x00000006e0000000 NTAMS 0x00000006e0000000 space 32768K, 100% used [0x00000006de000000, 0x00000006e0000000)
AC   0  O    TS     0 PTAMS 0x00000006e2000000 NTAMS 0x00000006e2000000 space 32768K, 100% used [0x00000006e0000000, 0x00000006e2000000)
AC   0  O    TS     0 PTAMS 0x00000006e3bab480 NTAMS 0x00000006e3bab480 space 32768K,  86% used [0x00000006e2000000, 0x00000006e4000000)
AC   0  O    TS     0 PTAMS 0x00000006e6000000 NTAMS 0x00000006e6000000 space 32768K, 100% used [0x00000006e4000000, 0x00000006e6000000)
AC   0  O    TS     0 PTAMS 0x00000006e8000000 NTAMS 0x00000006e8000000 space 32768K, 100% used [0x00000006e6000000, 0x00000006e8000000)
AC   0  O    TS     0 PTAMS 0x00000006ea000000 NTAMS 0x00000006ea000000 space 32768K, 100% used [0x00000006e8000000, 0x00000006ea000000)
AC   0  O    TS     0 PTAMS 0x00000006ec000000 NTAMS 0x00000006ec000000 space 32768K, 100% used [0x00000006ea000000, 0x00000006ec000000)
AC   0  O    TS     0 PTAMS 0x00000006ee000000 NTAMS 0x00000006ee000000 space 32768K, 100% used [0x00000006ec000000, 0x00000006ee000000)
AC   0  O    TS     0 PTAMS 0x00000006f0000000 NTAMS 0x00000006f0000000 space 32768K, 100% used [0x00000006ee000000, 0x00000006f0000000)
AC   0  O    TS     0 PTAMS 0x00000006f2000000 NTAMS 0x00000006f2000000 space 32768K, 100% used [0x00000006f0000000, 0x00000006f2000000)
AC   0  O    TS     3 PTAMS 0x00000006f28b9408 NTAMS 0x00000006f28b9408 space 32768K, 100% used [0x00000006f2000000, 0x00000006f4000000)
AC   0  O    TS     3 PTAMS 0x00000006f4000000 NTAMS 0x00000006f4000000 space 32768K, 100% used [0x00000006f4000000, 0x00000006f6000000)
AC   0  O    TS     0 PTAMS 0x00000006f8000000 NTAMS 0x00000006f8000000 space 32768K, 100% used [0x00000006f6000000, 0x00000006f8000000)
AC   0  O    TS     0 PTAMS 0x00000006fa000000 NTAMS 0x00000006fa000000 space 32768K, 100% used [0x00000006f8000000, 0x00000006fa000000)
AC   0  O    TS     0 PTAMS 0x00000006fc000000 NTAMS 0x00000006fc000000 space 32768K, 100% used [0x00000006fa000000, 0x00000006fc000000)
AC   0  O    TS     0 PTAMS 0x00000006fe000000 NTAMS 0x00000006fe000000 space 32768K, 100% used [0x00000006fc000000, 0x00000006fe000000)
AC   0  O    TS     0 PTAMS 0x0000000700000000 NTAMS 0x0000000700000000 space 32768K, 100% used [0x00000006fe000000, 0x0000000700000000)
AC   0  O    TS     0 PTAMS 0x0000000702000000 NTAMS 0x0000000702000000 space 32768K, 100% used [0x0000000700000000, 0x0000000702000000)
AC   0  O    TS     0 PTAMS 0x0000000704000000 NTAMS 0x0000000704000000 space 32768K, 100% used [0x0000000702000000, 0x0000000704000000)
AC   0  O    TS     0 PTAMS 0x0000000706000000 NTAMS 0x0000000706000000 space 32768K, 100% used [0x0000000704000000, 0x0000000706000000)
AC   0  O    TS     3 PTAMS 0x0000000706000000 NTAMS 0x0000000706000000 space 32768K, 100% used [0x0000000706000000, 0x0000000708000000)
AC   0  O    TS     0 PTAMS 0x000000070a000000 NTAMS 0x000000070a000000 space 32768K, 100% used [0x0000000708000000, 0x000000070a000000)
AC   0  O    TS     3 PTAMS 0x000000070a000000 NTAMS 0x000000070a000000 space 32768K,  43% used [0x000000070a000000, 0x000000070c000000)
AC   0  F    TS     0 PTAMS 0x000000070c000000 NTAMS 0x000000070c000000 space 32768K,   0% used [0x000000070c000000, 0x000000070e000000)
AC   0  O    TS     0 PTAMS 0x0000000710000000 NTAMS 0x0000000710000000 space 32768K, 100% used [0x000000070e000000, 0x0000000710000000)
AC   0  F    TS     0 PTAMS 0x0000000710000000 NTAMS 0x0000000710000000 space 32768K,   0% used [0x0000000710000000, 0x0000000712000000)
AC   0  F    TS     0 PTAMS 0x0000000712000000 NTAMS 0x0000000712000000 space 32768K,   0% used [0x0000000712000000, 0x0000000714000000)
AC   0  F    TS     0 PTAMS 0x0000000714000000 NTAMS 0x0000000714000000 space 32768K,   0% used [0x0000000714000000, 0x0000000716000000)
AC   0  F    TS     0 PTAMS 0x0000000716000000 NTAMS 0x0000000716000000 space 32768K,   0% used [0x0000000716000000, 0x0000000718000000)
AC   0  F    TS     0 PTAMS 0x0000000718000000 NTAMS 0x0000000718000000 space 32768K,   0% used [0x0000000718000000, 0x000000071a000000)
AC   0  F    TS     0 PTAMS 0x000000071a000000 NTAMS 0x000000071a000000 space 32768K,   0% used [0x000000071a000000, 0x000000071c000000)
AC   0  F    TS     0 PTAMS 0x000000071c000000 NTAMS 0x000000071c000000 space 32768K,   0% used [0x000000071c000000, 0x000000071e000000)
AC   0  F    TS     0 PTAMS 0x000000071e000000 NTAMS 0x000000071e000000 space 32768K,   0% used [0x000000071e000000, 0x0000000720000000)
AC   0  F    TS     0 PTAMS 0x0000000720000000 NTAMS 0x0000000720000000 space 32768K,   0% used [0x0000000720000000, 0x0000000722000000)
AC   0  F    TS     0 PTAMS 0x0000000722000000 NTAMS 0x0000000722000000 space 32768K,   0% used [0x0000000722000000, 0x0000000724000000)
AC   0  F    TS     0 PTAMS 0x0000000724000000 NTAMS 0x0000000724000000 space 32768K,   0% used [0x0000000724000000, 0x0000000726000000)
AC   0  F    TS     0 PTAMS 0x0000000726000000 NTAMS 0x0000000726000000 space 32768K,   0% used [0x0000000726000000, 0x0000000728000000)
AC   0  F    TS     0 PTAMS 0x0000000728000000 NTAMS 0x0000000728000000 space 32768K,   0% used [0x0000000728000000, 0x000000072a000000)
AC   0  F    TS     0 PTAMS 0x000000072a000000 NTAMS 0x000000072a000000 space 32768K,   0% used [0x000000072a000000, 0x000000072c000000)
AC   0  F    TS     0 PTAMS 0x000000072c000000 NTAMS 0x000000072c000000 space 32768K,   0% used [0x000000072c000000, 0x000000072e000000)
AC   0  F    TS     0 PTAMS 0x000000072e000000 NTAMS 0x000000072e000000 space 32768K,   0% used [0x000000072e000000, 0x0000000730000000)
AC   0  F    TS     0 PTAMS 0x0000000730000000 NTAMS 0x0000000730000000 space 32768K,   0% used [0x0000000730000000, 0x0000000732000000)
AC   0  F    TS     0 PTAMS 0x0000000732000000 NTAMS 0x0000000732000000 space 32768K,   0% used [0x0000000732000000, 0x0000000734000000)
AC   0  F    TS     0 PTAMS 0x0000000734000000 NTAMS 0x0000000734000000 space 32768K,   0% used [0x0000000734000000, 0x0000000736000000)
AC   0  F    TS     0 PTAMS 0x0000000736000000 NTAMS 0x0000000736000000 space 32768K,   0% used [0x0000000736000000, 0x0000000738000000)
AC   0  F    TS     0 PTAMS 0x0000000738000000 NTAMS 0x0000000738000000 space 32768K,   0% used [0x0000000738000000, 0x000000073a000000)
AC   0  F    TS     0 PTAMS 0x000000073a000000 NTAMS 0x000000073a000000 space 32768K,   0% used [0x000000073a000000, 0x000000073c000000)
AC   0  F    TS     0 PTAMS 0x000000073c000000 NTAMS 0x000000073c000000 space 32768K,   0% used [0x000000073c000000, 0x000000073e000000)
AC   0  F    TS     0 PTAMS 0x000000073e000000 NTAMS 0x000000073e000000 space 32768K,   0% used [0x000000073e000000, 0x0000000740000000)
AC   0  F    TS     0 PTAMS 0x0000000740000000 NTAMS 0x0000000740000000 space 32768K,   0% used [0x0000000740000000, 0x0000000742000000)
AC   0  F    TS     0 PTAMS 0x0000000742000000 NTAMS 0x0000000742000000 space 32768K,   0% used [0x0000000742000000, 0x0000000744000000)
AC   0  F    TS     0 PTAMS 0x0000000744000000 NTAMS 0x0000000744000000 space 32768K,   0% used [0x0000000744000000, 0x0000000746000000)
AC   0  F    TS     0 PTAMS 0x0000000746000000 NTAMS 0x0000000746000000 space 32768K,   0% used [0x0000000746000000, 0x0000000748000000)
AC   0  F    TS     0 PTAMS 0x0000000748000000 NTAMS 0x0000000748000000 space 32768K,   0% used [0x0000000748000000, 0x000000074a000000)
AC   0  F    TS     1 PTAMS 0x000000074a000000 NTAMS 0x000000074a000000 space 32768K,   0% used [0x000000074a000000, 0x000000074c000000)
AC   0  F    TS     1 PTAMS 0x000000074c000000 NTAMS 0x000000074c000000 space 32768K,   0% used [0x000000074c000000, 0x000000074e000000)
AC   0  F    TS     1 PTAMS 0x000000074e000000 NTAMS 0x000000074e000000 space 32768K,   0% used [0x000000074e000000, 0x0000000750000000)
AC   0  F    TS     1 PTAMS 0x0000000750000000 NTAMS 0x0000000750000000 space 32768K,   0% used [0x0000000750000000, 0x0000000752000000)
AC   0  F    TS     1 PTAMS 0x0000000752000000 NTAMS 0x0000000752000000 space 32768K,   0% used [0x0000000752000000, 0x0000000754000000)
AC   0  F    TS     1 PTAMS 0x0000000754000000 NTAMS 0x0000000754000000 space 32768K,   0% used [0x0000000754000000, 0x0000000756000000)
AC   0  F    TS     0 PTAMS 0x0000000756000000 NTAMS 0x0000000756000000 space 32768K,   0% used [0x0000000756000000, 0x0000000758000000)
AC   0  F    TS     0 PTAMS 0x0000000758000000 NTAMS 0x0000000758000000 space 32768K,   0% used [0x0000000758000000, 0x000000075a000000)
AC   0  F    TS     0 PTAMS 0x000000075a000000 NTAMS 0x000000075a000000 space 32768K,   0% used [0x000000075a000000, 0x000000075c000000)
AC   0  F    TS     0 PTAMS 0x000000075c000000 NTAMS 0x000000075c000000 space 32768K,   0% used [0x000000075c000000, 0x000000075e000000)
AC   0  F    TS     0 PTAMS 0x000000075e000000 NTAMS 0x000000075e000000 space 32768K,   0% used [0x000000075e000000, 0x0000000760000000)
AC   0  F    TS     0 PTAMS 0x0000000760000000 NTAMS 0x0000000760000000 space 32768K,   0% used [0x0000000760000000, 0x0000000762000000)
AC   0  F    TS     0 PTAMS 0x0000000762000000 NTAMS 0x0000000762000000 space 32768K,   0% used [0x0000000762000000, 0x0000000764000000)
AC   0  F    TS     0 PTAMS 0x0000000764000000 NTAMS 0x0000000764000000 space 32768K,   0% used [0x0000000764000000, 0x0000000766000000)
AC   0  F    TS     0 PTAMS 0x0000000766000000 NTAMS 0x0000000766000000 space 32768K,   0% used [0x0000000766000000, 0x0000000768000000)
AC   0  F    TS     0 PTAMS 0x0000000768000000 NTAMS 0x0000000768000000 space 32768K,   0% used [0x0000000768000000, 0x000000076a000000)
AC   0  S CS TS     3 PTAMS 0x000000076a000000 NTAMS 0x000000076a000000 space 32768K,  79% used [0x000000076a000000, 0x000000076c000000)
AC   0  S CS TS     3 PTAMS 0x000000076c000000 NTAMS 0x000000076c000000 space 32768K, 100% used [0x000000076c000000, 0x000000076e000000)
AC   0  S CS TS     3 PTAMS 0x000000076e000000 NTAMS 0x000000076e000000 space 32768K, 100% used [0x000000076e000000, 0x0000000770000000)
AC   0  S CS TS     3 PTAMS 0x0000000770000000 NTAMS 0x0000000770000000 space 32768K, 100% used [0x0000000770000000, 0x0000000772000000)
AC   0  F    TS     0 PTAMS 0x0000000772000000 NTAMS 0x0000000772000000 space 32768K,   0% used [0x0000000772000000, 0x0000000774000000)
AC   0  F    TS     0 PTAMS 0x0000000774000000 NTAMS 0x0000000774000000 space 32768K,   0% used [0x0000000774000000, 0x0000000776000000)
AC   0  F    TS     0 PTAMS 0x0000000776000000 NTAMS 0x0000000776000000 space 32768K,   0% used [0x0000000776000000, 0x0000000778000000)
AC   0  F    TS     0 PTAMS 0x0000000778000000 NTAMS 0x0000000778000000 space 32768K,   0% used [0x0000000778000000, 0x000000077a000000)
AC   0  F    TS     0 PTAMS 0x000000077a000000 NTAMS 0x000000077a000000 space 32768K,   0% used [0x000000077a000000, 0x000000077c000000)
AC   0  F    TS     0 PTAMS 0x000000077c000000 NTAMS 0x000000077c000000 space 32768K,   0% used [0x000000077c000000, 0x000000077e000000)
AC   0  F    TS     0 PTAMS 0x000000077e000000 NTAMS 0x000000077e000000 space 32768K,   0% used [0x000000077e000000, 0x0000000780000000)
AC   0  F    TS     0 PTAMS 0x0000000780000000 NTAMS 0x0000000780000000 space 32768K,   0% used [0x0000000780000000, 0x0000000782000000)
AC   0  F    TS     0 PTAMS 0x0000000782000000 NTAMS 0x0000000782000000 space 32768K,   0% used [0x0000000782000000, 0x0000000784000000)
AC   0  F    TS     0 PTAMS 0x0000000784000000 NTAMS 0x0000000784000000 space 32768K,   0% used [0x0000000784000000, 0x0000000786000000)
AC   0  F    TS     0 PTAMS 0x0000000786000000 NTAMS 0x0000000786000000 space 32768K,   0% used [0x0000000786000000, 0x0000000788000000)
AC   0  E    TS     0 PTAMS 0x0000000788000000 NTAMS 0x0000000788000000 space 32768K,  64% used [0x0000000788000000, 0x000000078a000000)
AC   0  E CS TS     0 PTAMS 0x000000078a000000 NTAMS 0x000000078a000000 space 32768K, 100% used [0x000000078a000000, 0x000000078c000000)
AC   0  E CS TS     0 PTAMS 0x000000078c000000 NTAMS 0x000000078c000000 space 32768K, 100% used [0x000000078c000000, 0x000000078e000000)
AC   0  E CS TS     0 PTAMS 0x000000078e000000 NTAMS 0x000000078e000000 space 32768K, 100% used [0x000000078e000000, 0x0000000790000000)
AC   0  E CS TS     0 PTAMS 0x0000000790000000 NTAMS 0x0000000790000000 space 32768K, 100% used [0x0000000790000000, 0x0000000792000000)
AC   0  E CS TS     0 PTAMS 0x0000000792000000 NTAMS 0x0000000792000000 space 32768K, 100% used [0x0000000792000000, 0x0000000794000000)
AC   0  E CS TS     0 PTAMS 0x0000000794000000 NTAMS 0x0000000794000000 space 32768K, 100% used [0x0000000794000000, 0x0000000796000000)
AC   0  E CS TS     0 PTAMS 0x0000000796000000 NTAMS 0x0000000796000000 space 32768K, 100% used [0x0000000796000000, 0x0000000798000000)
AC   0  E CS TS     0 PTAMS 0x0000000798000000 NTAMS 0x0000000798000000 space 32768K, 100% used [0x0000000798000000, 0x000000079a000000)
AC   0  E CS TS     0 PTAMS 0x000000079a000000 NTAMS 0x000000079a000000 space 32768K, 100% used [0x000000079a000000, 0x000000079c000000)
AC   0  E CS TS     0 PTAMS 0x000000079c000000 NTAMS 0x000000079c000000 space 32768K, 100% used [0x000000079c000000, 0x000000079e000000)
AC   0  E CS TS     0 PTAMS 0x000000079e000000 NTAMS 0x000000079e000000 space 32768K, 100% used [0x000000079e000000, 0x00000007a0000000)
AC   0  E CS TS     0 PTAMS 0x00000007a0000000 NTAMS 0x00000007a0000000 space 32768K, 100% used [0x00000007a0000000, 0x00000007a2000000)
AC   0  E CS TS     0 PTAMS 0x00000007a2000000 NTAMS 0x00000007a2000000 space 32768K, 100% used [0x00000007a2000000, 0x00000007a4000000)
AC   0  E CS TS     0 PTAMS 0x00000007a4000000 NTAMS 0x00000007a4000000 space 32768K, 100% used [0x00000007a4000000, 0x00000007a6000000)
AC   0  E CS TS     0 PTAMS 0x00000007a6000000 NTAMS 0x00000007a6000000 space 32768K, 100% used [0x00000007a6000000, 0x00000007a8000000)
AC   0  E CS TS     0 PTAMS 0x00000007a8000000 NTAMS 0x00000007a8000000 space 32768K, 100% used [0x00000007a8000000, 0x00000007aa000000)
AC   0  E CS TS     0 PTAMS 0x00000007aa000000 NTAMS 0x00000007aa000000 space 32768K, 100% used [0x00000007aa000000, 0x00000007ac000000)
AC   0  E CS TS     0 PTAMS 0x00000007ac000000 NTAMS 0x00000007ac000000 space 32768K, 100% used [0x00000007ac000000, 0x00000007ae000000)

Card table byte_map: [0x0000000015040000,0x0000000015c40000] byte_map_base: 0x0000000011e40000

Marking Bits (Prev, Next): (CMBitMap*) 0x0000000003065720, (CMBitMap*) 0x00000000030656c8
 Prev Bits: [0x000000001c840000, 0x0000000022840000)
 Next Bits: [0x0000000016840000, 0x000000001c840000)

Polling page: 0x0000000000fe0000

CodeCache: size=245760Kb used=192512Kb max_used=192554Kb free=53247Kb
 bounds [0x00000000030e0000, 0x000000000ee70000, 0x00000000120e0000]
 total_blobs=50253 nmethods=47886 adapters=2271
 compilation: enabled

Compilation events (10 events):
Event: 7619.330 Thread 0x00000000271fd800 79020   !   3       com.tmtravlr.soundfilters.SoundTickHandler::tick (3266 bytes)
Event: 7619.331 Thread 0x00000000271ee000 79021       4       de.keksuccino.fancymenu.menu.fancy.item.VanillaButtonCustomizationItem::render (365 bytes)
Event: 7619.364 Thread 0x00000000271fd800 nmethod 79020 0x000000000ee28850 code [0x000000000ee2a180, 0x000000000ee3bb88]
Event: 7619.368 Thread 0x00000000271ee000 nmethod 79021 0x000000000ed1b350 code [0x000000000ed1b6e0, 0x000000000ed1cd90]
Event: 7619.446 Thread 0x00000000271fd800 79022       3       de.keksuccino.fancymenu.menu.fancy.menuhandler.custom.MainMenuHandler::drawToBackground (933 bytes)
Event: 7619.454 Thread 0x00000000271fd800 nmethod 79022 0x000000000d7c6f50 code [0x000000000d7c7700, 0x000000000d7cc9a8]
Event: 7619.544 Thread 0x00000000271f4000 nmethod 79019 0x000000000ee51010 code [0x000000000ee51e40, 0x000000000ee5aba8]
Event: 7619.930 Thread 0x00000000271fd800 79023   !   3       xaero.map.events.Events::renderTick (355 bytes)
Event: 7619.935 Thread 0x00000000271fd800 nmethod 79023 0x000000000ee48d90 code [0x000000000ee49480, 0x000000000ee4d558]
Event: 7620.654 Thread 0x00000000271fd800 79024       3       net.minecraftforge.fml.relauncher.FMLSecurityManager::checkPermission (170 bytes)

GC Heap History (10 events):
Event: 7567.580 GC heap before
{Heap before GC invocations=958 (full 2):
 garbage-first heap   total 5996544K, used 4649727K [0x0000000640000000, 0x00000006420005b8, 0x00000007c0000000)
  region size 32768K, 44 young (1441792K), 2 survivors (65536K)
 Metaspace       used 364462K, capacity 382725K, committed 382796K, reserved 1370112K
  class space    used 57405K, capacity 61781K, committed 61824K, reserved 1048576K
Event: 7567.595 GC heap after
Heap after GC invocations=959 (full 2):
 garbage-first heap   total 5996544K, used 3274251K [0x0000000640000000, 0x00000006420005b8, 0x00000007c0000000)
  region size 32768K, 2 young (65536K), 2 survivors (65536K)
 Metaspace       used 364462K, capacity 382725K, committed 382796K, reserved 1370112K
  class space    used 57405K, capacity 61781K, committed 61824K, reserved 1048576K
}
Event: 7584.183 GC heap before
{Heap before GC invocations=959 (full 2):
 garbage-first heap   total 5996544K, used 4650507K [0x0000000640000000, 0x00000006420005b8, 0x00000007c0000000)
  region size 32768K, 44 young (1441792K), 2 survivors (65536K)
 Metaspace       used 364464K, capacity 382725K, committed 382796K, reserved 1370112K
  class space    used 57405K, capacity 61781K, committed 61824K, reserved 1048576K
Event: 7584.197 GC heap after
Heap after GC invocations=960 (full 2):
 garbage-first heap   total 5996544K, used 3289367K [0x0000000640000000, 0x00000006420005b8, 0x00000007c0000000)
  region size 32768K, 3 young (98304K), 3 survivors (98304K)
 Metaspace       used 364464K, capacity 382725K, committed 382796K, reserved 1370112K
  class space    used 57405K, capacity 61781K, committed 61824K, reserved 1048576K
}
Event: 7604.209 GC heap before
{Heap before GC invocations=960 (full 2):
 garbage-first heap   total 5996544K, used 4600087K [0x0000000640000000, 0x00000006420005b8, 0x00000007c0000000)
  region size 32768K, 43 young (1409024K), 3 survivors (98304K)
 Metaspace       used 364483K, capacity 382729K, committed 382796K, reserved 1370112K
  class space    used 57405K, capacity 61781K, committed 61824K, reserved 1048576K
Event: 7604.230 GC heap after
Heap after GC invocations=961 (full 2):
 garbage-first heap   total 5996544K, used 3272247K [0x0000000640000000, 0x00000006420005b8, 0x00000007c0000000)
  region size 32768K, 2 young (65536K), 2 survivors (65536K)
 Metaspace       used 364483K, capacity 382729K, committed 382796K, reserved 1370112K
  class space    used 57405K, capacity 61781K, committed 61824K, reserved 1048576K
}
Event: 7613.625 GC heap before
{Heap before GC invocations=962 (full 2):
 garbage-first heap   total 5996544K, used 4648503K [0x0000000640000000, 0x00000006420005b8, 0x00000007c0000000)
  region size 32768K, 44 young (1441792K), 2 survivors (65536K)
 Metaspace       used 364693K, capacity 382953K, committed 383180K, reserved 1370112K
  class space    used 57455K, capacity 61831K, committed 61952K, reserved 1048576K
Event: 7613.708 GC heap after
Heap after GC invocations=963 (full 2):
 garbage-first heap   total 5996544K, used 3393417K [0x0000000640000000, 0x00000006420005b8, 0x00000007c0000000)
  region size 32768K, 6 young (196608K), 6 survivors (196608K)
 Metaspace       used 364693K, capacity 382953K, committed 383180K, reserved 1370112K
  class space    used 57455K, capacity 61831K, committed 61952K, reserved 1048576K
}
Event: 7617.848 GC heap before
{Heap before GC invocations=963 (full 2):
 garbage-first heap   total 5996544K, used 4376457K [0x0000000640000000, 0x00000006420005b8, 0x00000007c0000000)
  region size 32768K, 36 young (1179648K), 6 survivors (196608K)
 Metaspace       used 364702K, capacity 382953K, committed 383180K, reserved 1370112K
  class space    used 57455K, capacity 61831K, committed 61952K, reserved 1048576K
Event: 7617.924 GC heap after
Heap after GC invocations=964 (full 2):
 garbage-first heap   total 5996544K, used 3444828K [0x0000000640000000, 0x00000006420005b8, 0x00000007c0000000)
  region size 32768K, 4 young (131072K), 4 survivors (131072K)
 Metaspace       used 364702K, capacity 382953K, committed 383180K, reserved 1370112K
  class space    used 57455K, capacity 61831K, committed 61952K, reserved 1048576K
}

Deoptimization events (10 events):
Event: 7620.345 Thread 0x0000000002fe4800 Uncommon trap: reason=unstable_if action=reinterpret pc=0x0000000009248b80 method=net.minecraft.client.Minecraft.func_99999_d()V @ 35
Event: 7620.346 Thread 0x00000000443dc800 Uncommon trap: reason=unstable_if action=reinterpret pc=0x000000000a8438fc method=paulscode.sound.CommandThread.run()V @ 36
Event: 7620.653 Thread 0x0000000002fe4800 Uncommon trap: reason=unstable_if action=reinterpret pc=0x000000000386a214 method=net.minecraftforge.fml.relauncher.FMLSecurityManager.checkPermission(Ljava/security/Permission;)V @ 23
Event: 7620.654 Thread 0x0000000028dec000 Uncommon trap: reason=unstable_if action=reinterpret pc=0x000000000afaa738 method=java.util.TimerThread.mainLoop()V @ 41
Event: 7620.654 Thread 0x000000007bb38800 Uncommon trap: reason=speculate_class_check action=maybe_recompile pc=0x0000000009a269ac method=java.util.concurrent.locks.ReentrantReadWriteLock$Sync.tryAcquireShared(I)I @ 33
Event: 7620.654 Thread 0x000000007bb38800 Uncommon trap: reason=speculate_class_check action=maybe_recompile pc=0x0000000009a269ac method=java.util.concurrent.locks.ReentrantReadWriteLock$Sync.tryAcquireShared(I)I @ 33
Event: 7620.655 Thread 0x000000007bb38800 Uncommon trap: reason=speculate_class_check action=maybe_recompile pc=0x0000000004268244 method=java.util.concurrent.locks.ReentrantReadWriteLock$Sync.tryAcquire(I)Z @ 66
Event: 7620.655 Thread 0x000000007bb38800 Uncommon trap: reason=array_check action=maybe_recompile pc=0x000000000845c584 method=java.util.ComparableTimSort.reverseRange([Ljava/lang/Object;II)V @ 27
Event: 7620.655 Thread 0x000000007bb38800 Uncommon trap: reason=speculate_class_check action=maybe_recompile pc=0x0000000009a269ac method=java.util.concurrent.locks.ReentrantReadWriteLock$Sync.tryAcquireShared(I)I @ 33
Event: 7620.655 Thread 0x000000007bb38800 Uncommon trap: reason=speculate_class_check action=maybe_recompile pc=0x0000000009a269ac method=java.util.concurrent.locks.ReentrantReadWriteLock$Sync.tryAcquireShared(I)I @ 33

Internal exceptions (10 events):
Event: 7618.932 Thread 0x00000000443dc800 Exception <a 'java/lang/InterruptedException': sleep interrupted> (0x000000078b4a1a48) thrown at [C:\re\workspace\8-2-build-windows-amd64-cygwin\jdk8u51\3951\hotspot\src\share\vm\prims\jvm.cpp, line 3163]
Event: 7618.940 Thread 0x00000000443dc800 Exception <a 'java/lang/InterruptedException': sleep interrupted> (0x000000078b4a1c48) thrown at [C:\re\workspace\8-2-build-windows-amd64-cygwin\jdk8u51\3951\hotspot\src\share\vm\prims\jvm.cpp, line 3211]
Event: 7618.945 Thread 0x00000000443dc800 Exception <a 'java/lang/InterruptedException': sleep interrupted> (0x000000078bc9eb88) thrown at [C:\re\workspace\8-2-build-windows-amd64-cygwin\jdk8u51\3951\hotspot\src\share\vm\prims\jvm.cpp, line 3163]
Event: 7618.945 Thread 0x00000000443dc000 Exception <a 'java/lang/InterruptedException': sleep interrupted> (0x00000007acb63da8) thrown at [C:\re\workspace\8-2-build-windows-amd64-cygwin\jdk8u51\3951\hotspot\src\share\vm\prims\jvm.cpp, line 3211]
Event: 7620.331 Thread 0x00000000443dc800 Exception <a 'java/lang/InterruptedException': sleep interrupted> (0x000000078bc9ed88) thrown at [C:\re\workspace\8-2-build-windows-amd64-cygwin\jdk8u51\3951\hotspot\src\share\vm\prims\jvm.cpp, line 3211]
Event: 7620.331 Thread 0x00000000443dc800 Exception <a 'java/lang/InterruptedException': sleep interrupted> (0x000000078bc9fac0) thrown at [C:\re\workspace\8-2-build-windows-amd64-cygwin\jdk8u51\3951\hotspot\src\share\vm\prims\jvm.cpp, line 3163]
Event: 7620.346 Thread 0x00000000443dc800 Exception <a 'java/lang/InterruptedException': sleep interrupted> (0x000000078bc9fcc0) thrown at [C:\re\workspace\8-2-build-windows-amd64-cygwin\jdk8u51\3951\hotspot\src\share\vm\prims\jvm.cpp, line 3211]
Event: 7620.346 Thread 0x00000000443dc800 Exception <a 'java/lang/InterruptedException': sleep interrupted> (0x000000078bc9fec0) thrown at [C:\re\workspace\8-2-build-windows-amd64-cygwin\jdk8u51\3951\hotspot\src\share\vm\prims\jvm.cpp, line 3211]
Event: 7620.445 Thread 0x00000000443dc000 Exception <a 'java/lang/InterruptedException': sleep interrupted> (0x00000007882465d8) thrown at [C:\re\workspace\8-2-build-windows-amd64-cygwin\jdk8u51\3951\hotspot\src\share\vm\prims\jvm.cpp, line 3211]
Event: 7620.653 Thread 0x0000000002fe4800 Exception <a 'org/lwjgl/LWJGLException': Failed to set device gamma.> (0x000000078832fb10) thrown at [C:\re\workspace\8-2-build-windows-amd64-cygwin\jdk8u51\3951\hotspot\src\share\vm\prims\jni.cpp, line 735]

Events (10 events):
Event: 7620.655 Thread 0x000000007bb38800 DEOPT UNPACKING pc=0x000000000312582a sp=0x0000000040d0ee30 mode 2
Event: 7620.655 Thread 0x000000007bb38800 Uncommon trap: trap_request=0xffffff76 fr.pc=0x0000000009a269ac
Event: 7620.655 Thread 0x000000007bb38800 DEOPT PACKING pc=0x0000000009a269ac sp=0x0000000040d0efe0
Event: 7620.655 Thread 0x000000007bb38800 DEOPT UNPACKING pc=0x000000000312582a sp=0x0000000040d0eed8 mode 2
Event: 7620.655 Thread 0x000000007bb38800 Uncommon trap: trap_request=0xffffff76 fr.pc=0x0000000009a269ac
Event: 7620.655 Executing VM operation: RevokeBias
Event: 7620.655 Thread 0x000000007bb38800 DEOPT PACKING pc=0x0000000009a269ac sp=0x0000000040d0efb0
Event: 7620.655 Thread 0x000000007bb38800 DEOPT UNPACKING pc=0x000000000312582a sp=0x0000000040d0eea8 mode 2
Event: 7620.655 Executing VM operation: RevokeBias done
Event: 7620.655 Executing VM operation: RevokeBias


Dynamic libraries:
0x00007ff72c1e0000 - 0x00007ff72c217000 	C:\Users\kylea\curseforge\minecraft\Install\runtime\jre-legacy\windows-x64\jre-legacy\bin\javaw.exe
0x00007ffab6810000 - 0x00007ffab6a05000 	C:\Windows\SYSTEM32\ntdll.dll
0x00007ffab4c70000 - 0x00007ffab4d2d000 	C:\Windows\System32\KERNEL32.DLL
0x00007ffab3fc0000 - 0x00007ffab428d000 	C:\Windows\System32\KERNELBASE.dll
0x00007ffab54a0000 - 0x00007ffab554e000 	C:\Windows\System32\ADVAPI32.dll
0x00007ffab56f0000 - 0x00007ffab578e000 	C:\Windows\System32\msvcrt.dll
0x00007ffab5f50000 - 0x00007ffab5fec000 	C:\Windows\System32\sechost.dll
0x00007ffab51b0000 - 0x00007ffab52d5000 	C:\Windows\System32\RPCRT4.dll
0x00007ffab5550000 - 0x00007ffab56f0000 	C:\Windows\System32\USER32.dll
0x00007ffab47e0000 - 0x00007ffab4802000 	C:\Windows\System32\win32u.dll
0x00007ffab5350000 - 0x00007ffab537a000 	C:\Windows\System32\GDI32.dll
0x00007ffab4630000 - 0x00007ffab473b000 	C:\Windows\System32\gdi32full.dll
0x00007ffab4740000 - 0x00007ffab47dd000 	C:\Windows\System32\msvcp_win.dll
0x00007ffab43f0000 - 0x00007ffab44f0000 	C:\Windows\System32\ucrtbase.dll
0x00007ffa9a610000 - 0x00007ffa9a8aa000 	C:\Windows\WinSxS\amd64_microsoft.windows.common-controls_6595b64144ccf1df_6.0.19041.1110_none_60b5254171f9507e\COMCTL32.dll
0x00007ffab5ff0000 - 0x00007ffab6020000 	C:\Windows\System32\IMM32.DLL
0x000000005bd90000 - 0x000000005be62000 	C:\Users\kylea\curseforge\minecraft\Install\runtime\jre-legacy\windows-x64\jre-legacy\bin\msvcr100.dll
0x000000005b500000 - 0x000000005bd83000 	C:\Users\kylea\curseforge\minecraft\Install\runtime\jre-legacy\windows-x64\jre-legacy\bin\server\jvm.dll
0x00007ffab5ee0000 - 0x00007ffab5ee8000 	C:\Windows\System32\PSAPI.DLL
0x00007ffaafa10000 - 0x00007ffaafa19000 	C:\Windows\SYSTEM32\WSOCK32.dll
0x00007ffaae000000 - 0x00007ffaae027000 	C:\Windows\SYSTEM32\WINMM.dll
0x00007ffaad3b0000 - 0x00007ffaad3ba000 	C:\Windows\SYSTEM32\VERSION.dll
0x00007ffab52e0000 - 0x00007ffab534b000 	C:\Windows\System32\WS2_32.dll
0x000000005b4f0000 - 0x000000005b4ff000 	C:\Users\kylea\curseforge\minecraft\Install\runtime\jre-legacy\windows-x64\jre-legacy\bin\verify.dll
0x000000005b4c0000 - 0x000000005b4e9000 	C:\Users\kylea\curseforge\minecraft\Install\runtime\jre-legacy\windows-x64\jre-legacy\bin\java.dll
0x000000005b4a0000 - 0x000000005b4b6000 	C:\Users\kylea\curseforge\minecraft\Install\runtime\jre-legacy\windows-x64\jre-legacy\bin\zip.dll
0x00007ffab5790000 - 0x00007ffab5ed4000 	C:\Windows\System32\SHELL32.dll
0x00007ffab1c40000 - 0x00007ffab23d4000 	C:\Windows\SYSTEM32\windows.storage.dll
0x00007ffab6290000 - 0x00007ffab65e4000 	C:\Windows\System32\combase.dll
0x00007ffab3980000 - 0x00007ffab39ac000 	C:\Windows\SYSTEM32\Wldp.dll
0x00007ffab65f0000 - 0x00007ffab669d000 	C:\Windows\System32\SHCORE.dll
0x00007ffab4860000 - 0x00007ffab48b5000 	C:\Windows\System32\shlwapi.dll
0x00007ffab3e60000 - 0x00007ffab3e7f000 	C:\Windows\SYSTEM32\profapi.dll
0x000000005b490000 - 0x000000005b49d000 	C:\Users\kylea\curseforge\minecraft\Install\runtime\jre-legacy\windows-x64\jre-legacy\bin\management.dll
0x000000005b470000 - 0x000000005b48a000 	C:\Users\kylea\curseforge\minecraft\Install\runtime\jre-legacy\windows-x64\jre-legacy\bin\net.dll
0x00007ffab36e0000 - 0x00007ffab374a000 	C:\Windows\system32\mswsock.dll
0x00007ffa8cc60000 - 0x00007ffa8cc77000 	C:\Windows\system32\napinsp.dll
0x00007ffa8a060000 - 0x00007ffa8a07b000 	C:\Windows\system32\pnrpnsp.dll
0x00007ffa7cae0000 - 0x00007ffa7caf5000 	C:\Windows\system32\wshbth.dll
0x00007ffaaf800000 - 0x00007ffaaf81d000 	C:\Windows\system32\NLAapi.dll
0x00007ffab3380000 - 0x00007ffab33bb000 	C:\Windows\SYSTEM32\IPHLPAPI.DLL
0x00007ffab33c0000 - 0x00007ffab348b000 	C:\Windows\SYSTEM32\DNSAPI.dll
0x00007ffab6190000 - 0x00007ffab6198000 	C:\Windows\System32\NSI.dll
0x00007ffa6f4a0000 - 0x00007ffa6f4b2000 	C:\Windows\System32\winrnr.dll
0x00007ffaabde0000 - 0x00007ffaabdea000 	C:\Windows\System32\rasadhlp.dll
0x00007ffaab590000 - 0x00007ffaab610000 	C:\Windows\System32\fwpuclnt.dll
0x00007ffab3f90000 - 0x00007ffab3fb7000 	C:\Windows\System32\bcrypt.dll
0x000000005b450000 - 0x000000005b461000 	C:\Users\kylea\curseforge\minecraft\Install\runtime\jre-legacy\windows-x64\jre-legacy\bin\nio.dll
0x000000005b420000 - 0x000000005b444000 	C:\Users\kylea\curseforge\minecraft\Install\runtime\jre-legacy\windows-x64\jre-legacy\bin\sunec.dll
0x00007ffab38d0000 - 0x00007ffab38e8000 	C:\Windows\SYSTEM32\CRYPTSP.dll
0x00007ffab2ff0000 - 0x00007ffab3024000 	C:\Windows\system32\rsaenh.dll
0x00007ffab3e20000 - 0x00007ffab3e4e000 	C:\Windows\SYSTEM32\USERENV.dll
0x00007ffab44f0000 - 0x00007ffab4572000 	C:\Windows\System32\bcryptprimitives.dll
0x00007ffab38f0000 - 0x00007ffab38fc000 	C:\Windows\SYSTEM32\CRYPTBASE.dll
0x00007ffaac940000 - 0x00007ffaac957000 	C:\Windows\SYSTEM32\dhcpcsvc6.DLL
0x00007ffaac980000 - 0x00007ffaac99d000 	C:\Windows\SYSTEM32\dhcpcsvc.DLL
0x000000005b400000 - 0x000000005b417000 	C:\Users\kylea\curseforge\minecraft\Install\runtime\jre-legacy\windows-x64\jre-legacy\bin\unpack.dll
0x0000000180000000 - 0x0000000180053000 	C:\Users\kylea\curseforge\minecraft\Install\bin\7159-7c18-db79-604b\lwjgl64.dll
0x00007ffa7dbd0000 - 0x00007ffa7dcf6000 	C:\Windows\SYSTEM32\OPENGL32.dll
0x00007ffa7fa40000 - 0x00007ffa7fa6c000 	C:\Windows\SYSTEM32\GLU32.dll
0x00007ffaaea00000 - 0x00007ffaaeaae000 	C:\Windows\SYSTEM32\mscms.dll
0x00007ffaae9e0000 - 0x00007ffaae9f1000 	C:\Windows\SYSTEM32\ColorAdapterClient.dll
0x00007ffab4920000 - 0x00007ffab49ed000 	C:\Windows\System32\OLEAUT32.dll
0x00007ffab27b0000 - 0x00007ffab27c2000 	C:\Windows\SYSTEM32\kernel.appcore.dll
0x000000005b260000 - 0x000000005b3f8000 	C:\Users\kylea\curseforge\minecraft\Install\runtime\jre-legacy\windows-x64\jre-legacy\bin\awt.dll
0x00007ffab1460000 - 0x00007ffab14f0000 	C:\Windows\SYSTEM32\apphelp.dll
0x00007ffab1560000 - 0x00007ffab15fe000 	C:\Windows\system32\uxtheme.dll
0x00007ffab5380000 - 0x00007ffab5495000 	C:\Windows\System32\MSCTF.dll
0x00007ffa984a0000 - 0x00007ffa98599000 	C:\Windows\SYSTEM32\textinputframework.dll
0x00007ffab1190000 - 0x00007ffab1282000 	C:\Windows\System32\CoreMessaging.dll
0x00007ffab0a80000 - 0x00007ffab0dde000 	C:\Windows\System32\CoreUIComponents.dll
0x00007ffab2d40000 - 0x00007ffab2d73000 	C:\Windows\SYSTEM32\ntmarta.dll
0x00007ffaafa90000 - 0x00007ffaafbe4000 	C:\Windows\SYSTEM32\wintypes.dll
0x00007ffab66a0000 - 0x00007ffab67ca000 	C:\Windows\System32\ole32.dll
0x00007ffab49f0000 - 0x00007ffab4a99000 	C:\Windows\System32\clbcatq.dll
0x00007ffa50a20000 - 0x00007ffa53a46000 	C:\Windows\System32\DriverStore\FileRepository\nvdm.inf_amd64_798440d1f7f06088\nvoglv64.dll
0x00007ffab4d30000 - 0x00007ffab51a1000 	C:\Windows\System32\SETUPAPI.dll
0x00007ffab4810000 - 0x00007ffab485e000 	C:\Windows\System32\cfgmgr32.dll
0x00007ffaad830000 - 0x00007ffaad844000 	C:\Windows\SYSTEM32\WTSAPI32.dll
0x00007ffab3b10000 - 0x00007ffab3b22000 	C:\Windows\SYSTEM32\msasn1.dll
0x00007ffaab480000 - 0x00007ffaab4b1000 	C:\Windows\SYSTEM32\cryptnet.dll
0x00007ffab4290000 - 0x00007ffab43e6000 	C:\Windows\System32\CRYPT32.dll
0x00007ffaaae40000 - 0x00007ffaaaf88000 	C:\Windows\SYSTEM32\drvstore.dll
0x00007ffab3cd0000 - 0x00007ffab3cfc000 	C:\Windows\SYSTEM32\devobj.dll
0x00007ffab3f20000 - 0x00007ffab3f88000 	C:\Windows\System32\WINTRUST.dll
0x00007ffa90bf0000 - 0x00007ffa90c2b000 	C:\Windows\SYSTEM32\dxcore.dll
0x00007ffa50750000 - 0x00007ffa50a15000 	C:\Windows\system32\nvspcap64.dll
0x00007ffab1670000 - 0x00007ffab169f000 	C:\Windows\SYSTEM32\dwmapi.dll
0x00007ffa90ba0000 - 0x00007ffa90be3000 	C:\Windows\SYSTEM32\icm32.dll
0x00007ffab34a0000 - 0x00007ffab34eb000 	C:\Windows\SYSTEM32\powrprof.dll
0x00007ffab3360000 - 0x00007ffab3372000 	C:\Windows\SYSTEM32\UMPDC.dll
0x00007ffab2ce0000 - 0x00007ffab2d3a000 	C:\Windows\SYSTEM32\WINSTA.dll
0x00007ffab2820000 - 0x00007ffab2913000 	C:\Windows\system32\dxgi.dll
0x00007ffab0050000 - 0x00007ffab02b4000 	C:\Windows\system32\d3d11.dll
0x00007ffab4c50000 - 0x00007ffab4c6d000 	C:\Windows\System32\imagehlp.dll
0x00007ffaa9c90000 - 0x00007ffaaa3f8000 	C:\Windows\SYSTEM32\nvapi64.dll
0x00007ffa72a40000 - 0x00007ffa72a82000 	C:\Users\kylea\AppData\Local\Temp\jna-102528474\jna8984439707035674454.dll
0x000000005b120000 - 0x000000005b25a000 	C:\Users\kylea\AppData\Local\Temp\jnigen\1044091258\sdl2gdx64.dll
0x00007ffab23e0000 - 0x00007ffab23ed000 	C:\Windows\SYSTEM32\hid.dll
0x00007ffa727b0000 - 0x00007ffa727f5000 	C:\Windows\System32\dinput8.dll
0x00007ffa96d90000 - 0x00007ffa96ee2000 	C:\Windows\SYSTEM32\inputhost.dll
0x00007ffaaf490000 - 0x00007ffaaf586000 	C:\Windows\SYSTEM32\PROPSYS.dll
0x00007ffa60d50000 - 0x00007ffa60d61000 	C:\Windows\SYSTEM32\XInput1_4.dll
0x00007ffa4f360000 - 0x00007ffa4f48d000 	C:\Users\kylea\curseforge\minecraft\Instances\ExplorationTech1.2gitversion\OpenComputersMod-1.7.5.192-lua52-native.64.dll
0x00007ffa4f1b0000 - 0x00007ffa4f351000 	C:\Users\kylea\curseforge\minecraft\Instances\ExplorationTech1.2gitversion\OpenComputersMod-1.7.5.192-lua53-native.64.dll
0x0000000032760000 - 0x00000000327c4000 	C:\Users\kylea\curseforge\minecraft\Install\bin\7159-7c18-db79-604b\OpenAL64.dll
0x00007ffaad440000 - 0x00007ffaad4c5000 	C:\Windows\System32\MMDevApi.dll
0x00007ffa4cb00000 - 0x00007ffa4cb9c000 	C:\Windows\SYSTEM32\dsound.dll
0x00007ffaa30f0000 - 0x00007ffaa3116000 	C:\Windows\SYSTEM32\winmmbase.dll
0x00007ffaad630000 - 0x00007ffaad7b2000 	C:\Windows\SYSTEM32\AUDIOSES.DLL
0x00007ffab1650000 - 0x00007ffab1664000 	C:\Windows\SYSTEM32\resourcepolicyclient.dll
0x00007ffa7c720000 - 0x00007ffa7c73a000 	C:\Users\kylea\curseforge\minecraft\Install\bin\7159-7c18-db79-604b\SAPIWrapper_x64.dll
0x000000003eff0000 - 0x000000003effc000 	C:\Users\kylea\curseforge\minecraft\Install\runtime\jre-legacy\windows-x64\jre-legacy\bin\jsound.dll
0x000000003f000000 - 0x000000003f00b000 	C:\Users\kylea\curseforge\minecraft\Install\runtime\jre-legacy\windows-x64\jre-legacy\bin\jsoundds.dll
0x00007ffa5d990000 - 0x00007ffa5d9d6000 	C:\Windows\SYSTEM32\wdmaud.drv
0x00007ffaae030000 - 0x00007ffaae039000 	C:\Windows\SYSTEM32\ksuser.dll
0x00007ffaad850000 - 0x00007ffaad85a000 	C:\Windows\SYSTEM32\AVRT.dll
0x00007ffaad880000 - 0x00007ffaad88d000 	C:\Windows\SYSTEM32\msacm32.drv
0x00007ffaad860000 - 0x00007ffaad87e000 	C:\Windows\SYSTEM32\MSACM32.dll
0x00007ffa8e010000 - 0x00007ffa8e01b000 	C:\Windows\SYSTEM32\midimap.dll
0x00007ffa7b200000 - 0x00007ffa7b261000 	C:\Windows\System32\Windows.FileExplorer.Common.dll
0x00007ffaa3120000 - 0x00007ffaa33d1000 	C:\Windows\System32\iertutil.dll
0x00007ffa7c570000 - 0x00007ffa7c594000 	C:\Windows\SYSTEM32\edputil.dll
0x00007ffaa3490000 - 0x00007ffaa367c000 	C:\Windows\SYSTEM32\urlmon.dll
0x00007ffaa33e0000 - 0x00007ffaa3408000 	C:\Windows\SYSTEM32\srvcli.dll
0x00007ffab3490000 - 0x00007ffab349c000 	C:\Windows\SYSTEM32\netutils.dll
0x00007ffa7cb00000 - 0x00007ffa7cb22000 	C:\Windows\System32\cldapi.dll
0x00007ffa89a00000 - 0x00007ffa89a0b000 	C:\Windows\System32\FLTLIB.DLL

VM Arguments:
jvm_args: -Dos.name=Windows 10 -Dos.version=10.0 -XX:HeapDumpPath=MojangTricksIntelDriversForPerformance_javaw.exe_minecraft.exe.heapdump -Djava.library.path=C:\Users\kylea\curseforge\minecraft\Install\bin\7159-7c18-db79-604b -Dminecraft.launcher.brand=minecraft-launcher -Dminecraft.launcher.version=2.3.173 -Dminecraft.client.jar=C:\Users\kylea\curseforge\minecraft\Install\versions\1.12.2\1.12.2.jar -Xmx6144m -Xms256m -Dminecraft.applet.TargetDirectory=C:\Users\kylea\curseforge\minecraft\Instances\ExplorationTech1.2gitversion -Dfml.ignorePatchDiscrepancies=true -Dfml.ignoreInvalidMinecraftCertificates=true -Duser.language=en -Duser.country=US -XX:+UseG1GC -Dsun.rmi.dgc.server.gcInterval=2147483646 -XX:+UnlockExperimentalVMOptions -XX:G1NewSizePercent=20 -XX:G1ReservePercent=20 -XX:MaxGCPauseMillis=50 -XX:G1HeapRegionSize=32M -Dlog4j.configurationFile=C:\Users\kylea\curseforge\minecraft\Install\assets\log_configs\client-1.12.xml 
java_command: net.minecraft.launchwrapper.Launch --username jedikill3r --version forge-14.23.5.2860 --gameDir C:\Users\kylea\curseforge\minecraft\Instances\ExplorationTech1.2gitversion --assetsDir C:\Users\kylea\curseforge\minecraft\Install\assets --assetIndex 1.12 --uuid bf685bdbbecd417fac4ea283d5768c66 --accessToken eyJhbGciOiJIUzI1NiJ9.eyJ4dWlkIjoiMjUzNTQ0OTUxMzU1ODQyOSIsImFnZyI6IkFkdWx0Iiwic3ViIjoiODVlOGM3MzktNzU3OS00MTUzLWI1MjktM2RjNGE3ZTY0MmMwIiwibmJmIjoxNjUzNzA4NjIxLCJhdXRoIjoiWEJPWCIsInJvbGVzIjpbXSwiaXNzIjoiYXV0aGVudGljYXRpb24iLCJleHAiOjE2NTM3OTUwMjEsImlhdCI6MTY1MzcwODYyMSwicGxhdGZvcm0iOiJQQ19MQVVOQ0hFUiIsInl1aWQiOiIwMWE3ZThmMzgxMGNhOTM3MjVmZmExNzcxYmU5MjQ5NCJ9.5c5V-DIwASqeFy_5yaE8yDVvpc0MqnB7eYoWQCT-1f4 --userType msa --tweakClass net.minecraftforge.fml.common.launcher.FMLTweaker --versionType Forge --width 1024 --height 768
java_class_path (initial): C:\Users\kylea\curseforge\minecraft\Install\libraries\net\minecraftforge\forge\1.12.2-14.23.5.2860\forge-1.12.2-14.23.5.2860.jar;C:\Users\kylea\curseforge\minecraft\Install\libraries\org\ow2\asm\asm-debug-all\5.2\asm-debug-all-5.2.jar;C:\Users\kylea\curseforge\minecraft\Install\libraries\net\minecraft\launchwrapper\1.12\launchwrapper-1.12.jar;C:\Users\kylea\curseforge\minecraft\Install\libraries\org\jline\jline\3.5.1\jline-3.5.1.jar;C:\Users\kylea\curseforge\minecraft\Install\libraries\com\typesafe\akka\akka-actor_2.11\2.3.3\akka-actor_2.11-2.3.3.jar;C:\Users\kylea\curseforge\minecraft\Install\libraries\com\typesafe\config\1.2.1\config-1.2.1.jar;C:\Users\kylea\curseforge\minecraft\Install\libraries\org\scala-lang\scala-actors-migration_2.11\1.1.0\scala-actors-migration_2.11-1.1.0.jar;C:\Users\kylea\curseforge\minecraft\Install\libraries\org\scala-lang\scala-compiler\2.11.1\scala-compiler-2.11.1.jar;C:\Users\kylea\curseforge\minecraft\Install\libraries\org\scala-lang\plugins\scala-continuations-library_2.11\1.0.2_mc\scala-continuations-library_2.11-1.0.2_mc.jar;C:\Users\kylea\curseforge\minecraft\Install\libraries\org\scala-lang\plugins\scala-continuations-plugin_2.11.1\1.0.2_mc\scala-continuations-plugin_2.11.1-1.0.2_mc.jar;C:\Users\kylea\curseforge\minecraft\Install\libraries\org\scala-lang\scala-library\2.11.1\scala-library-2.11.1.jar;C:\Users\kylea\curseforge\minecraft\Install\libraries\org\scala-lang\scala-parser-combinators_2.11\1.0.1\scala-parser-combinators_2.11-1.0.1.jar;C:\Users\kylea\curseforge\minecraft\Install\libraries\org\scala-lang\scala-reflect\2.11.1\scala-reflect-2.11.1.jar;C:\Users\kylea\curseforge\minecraft\Install\libraries\org\scala-lang\scala-swing_2.11\1.0.1\scala-swing_2.11-1.0.1.jar;C:\Users\kylea\curseforge\minecraft\Install\libraries\org\scala-lang\scala-xml_2.11\1.0.2\scala-xml_2.11-1.0.2.jar;C:\Users\kylea\curseforge\minecraft\Install\libraries\lzma\lzma\0.0.1\lzma-0.0.1.jar;C:\Users\kylea\curseforge\minecra
Launcher Type: SUN_STANDARD

Environment Variables:
PATH=C:\Program Files\Eclipse Adoptium\jdk-8.0.322.6-hotspot\bin;C:\Program Files (x86)\Common Files\Oracle\Java\javapath;C:\Windows\system32;C:\Windows;C:\Windows\System32\Wbem;C:\Windows\System32\WindowsPowerShell\v1.0\;C:\Windows\System32\OpenSSH\;C:\Program Files (x86)\NVIDIA Corporation\PhysX\Common;C:\Program Files\NVIDIA Corporation\NVIDIA NvDLISR;C:\Program Files\Git\cmd;C:\Program Files\nodejs\;C:\Program Files\dotnet\;C:\Users\kylea\AppData\Local\Microsoft\WindowsApps;C:\Users\kylea\AppData\Local\atom\bin;C:\Users\kylea\AppData\Local\GitHubDesktop\bin;C:\Users\kylea\AppData\Roaming\npm;C:\Gradle\gradle-7.4\bin;
USERNAME=kylea
OS=Windows_NT
PROCESSOR_IDENTIFIER=Intel64 Family 6 Model 165 Stepping 2, GenuineIntel



---------------  S Y S T E M  ---------------

OS: Windows 10.0 , 64 bit Build 19041 (10.0.19041.1706)

CPU:total 12 (6 cores per cpu, 2 threads per core) family 6 model 165 stepping 2, cmov, cx8, fxsr, mmx, sse, sse2, sse3, ssse3, sse4.1, sse4.2, popcnt, avx, avx2, aes, clmul, erms, 3dnowpref, lzcnt, ht, tsc, tscinvbit, bmi1, bmi2, adx

Memory: 4k page, physical 33294020k(16827584k free), swap 40634052k(15480504k free)

vm_info: Java HotSpot(TM) 64-Bit Server VM (25.51-b03) for windows-amd64 JRE (1.8.0_51-b16), built on Jun  8 2015 18:03:07 by "java_re" with MS VC++ 10.0 (VS2010)

time: Sat May 28 01:37:22 2022
elapsed time: 7620 seconds (0d 2h 7m 0s)

